[1200843] Sample directory to: 02
[1200855] 0 volume left: 127
[1200855] 0 volume right: 127
[1200855] 0 freq low: 16
[1200855] 0 freq high: 16
[1200855] 0 adsr1: e8
[1200855] 0 adsr2: 60
[1200855] Master volume left:127
[1200855] Master volume right:127
[1200855] 0 gain: 7f
[1200855] Key on:0,
[1276433] 0 volume left: 127
[1276434] 0 volume right: 127
[1276434] 0 freq low: 16
[1276434] 0 freq high: 16
[1276440] Key on:0,
[1386339] Sample directory to: 02
[1386351] 0 volume left: 127
[1386351] 0 volume right: 127
[1386351] 0 freq low: 16
[1386351] 0 freq high: 16
[1386351] 0 adsr1: e8
[1386351] 0 adsr2: 60
[1386351] Master volume left:127
[1386351] Master volume right:127
[1386351] 0 gain: 7f
[1386351] Key on:0,
