
===== SNES assemble: main.asm =====
Command: wla-65816 -v -o main.o main.asm
Pass 1...
Directive checks...
Internal pass 1...
Internal pass 2...
-------------------------------------------------
---                   ROM                     ---
-------------------------------------------------
ROM bank 0 (912 bytes (2.78%) used)
  - Outside .SECTIONs (32 bytes)
    - Used space at $7fb2-$7fb5 (4 bytes).
    - Used space at $7fc0-$7fdb (28 bytes).
  - Sections (880 bytes)
    - .SECTION "!__WLA_SNESNATIVEVECTOR" (12 bytes).
    - .SECTION "!__WLA_SNESEMUVECTOR" (12 bytes).
    - .SECTION "EmptyVectors" (1 bytes).
    - .SECTION "InitializeSNESCode" (292 bytes).
    - .SECTION "LoadVRAMCode" (37 bytes).
    - .SECTION "DMAPaletteCode" (33 bytes).
    - .SECTION "MainCode" (493 bytes).
ROM bank 1 (10176 bytes (31.05%) used)
  - Outside .SECTIONs (0 bytes)
    - No data outside .SECTIONs.
  - Sections (10176 bytes)
    - .SECTION "graphic_and_audio__includes" (10176 bytes).
-------------------------------------------------
---                   RAM                     ---
-------------------------------------------------
No .RAMSECTIONs were found, no information about RAM.
-------------------------------------------------
---                 SUMMARY                   ---
-------------------------------------------------
ROM: 11088 bytes (4.23%) used.
RAM: No .RAMSECTIONs were found, no information about RAM.

===== SNES link: /c/Users/Benjamin Santiago/Documents/_PROJECTS/superACTION52/GAMES/src/04__SPÄTI/_ROM/20260714__PM032509__DEBUG__SPATI-v01-----------.sfc =====
Command: wlalink -v -r main.link /c/Users/Benjamin\ Santiago/Documents/_PROJECTS/superACTION52/GAMES/src/04__SPÄTI/_ROM/20260714__PM032509__DEBUG__SPATI-v01-----------.sfc
-------------------------------------------------
---                   ROM                     ---
-------------------------------------------------
ROM bank 0 (31852 bytes (97.20%) free)
  - Free space at $0358-$7fb1 (31834 bytes)
  - Free space at $7fb6-$7fbf (10 bytes)
  - Free space at $7fe0-$7fe3 (4 bytes)
  - Free space at $7ff0-$7ff3 (4 bytes)
ROM bank 1 (22592 bytes (68.95%) free)
  - Free space at $27c0-$7fff (22592 bytes)
ROM bank 2 (32768 bytes (100.00%) free)
  - Free space at $0000-$7fff (32768 bytes)
ROM bank 3 (32768 bytes (100.00%) free)
  - Free space at $0000-$7fff (32768 bytes)
ROM bank 4 (32768 bytes (100.00%) free)
  - Free space at $0000-$7fff (32768 bytes)
ROM bank 5 (32768 bytes (100.00%) free)
  - Free space at $0000-$7fff (32768 bytes)
ROM bank 6 (32768 bytes (100.00%) free)
  - Free space at $0000-$7fff (32768 bytes)
ROM bank 7 (32768 bytes (100.00%) free)
  - Free space at $0000-$7fff (32768 bytes)
-------------------------------------------------
---                   RAM                     ---
-------------------------------------------------
No .RAMSECTIONs were found, no information about RAM.
-------------------------------------------------
---           HEADERS AND FOOTERS             ---
-------------------------------------------------
No headers or footers found.
-------------------------------------------------
---                 SUMMARY                   ---
-------------------------------------------------
ROM: 251052 bytes (95.77%) free of total 262144.
RAM: No .RAMSECTIONs were found, no information about RAM.
