
===== SNES assemble: main.asm =====
Command: wla-65816 -v -o main.o main.asm
Pass 1...
Directive checks...
Internal pass 1...
Internal pass 2...
-------------------------------------------------
---                   ROM                     ---
-------------------------------------------------
ROM bank 0 (925 bytes (2.82%) used)
  - Outside .SECTIONs (32 bytes)
    - Used space at $7fb2-$7fb5 (4 bytes).
    - Used space at $7fc0-$7fdb (28 bytes).
  - Sections (893 bytes)
    - .SECTION "!__WLA_SNESNATIVEVECTOR" (12 bytes).
    - .SECTION "!__WLA_SNESEMUVECTOR" (12 bytes).
    - .SECTION "EmptyVectors" (1 bytes).
    - .SECTION "InitializeSNESCode" (292 bytes).
    - .SECTION "LoadVRAMCode" (37 bytes).
    - .SECTION "DMAPaletteCode" (33 bytes).
    - .SECTION "MainCode" (506 bytes).
ROM bank 1 (3232 bytes (9.86%) used)
  - Outside .SECTIONs (0 bytes)
    - No data outside .SECTIONs.
  - Sections (3232 bytes)
    - .SECTION "graphic_and_audio__includes" (3232 bytes).
-------------------------------------------------
---                   RAM                     ---
-------------------------------------------------
No .RAMSECTIONs were found, no information about RAM.
-------------------------------------------------
---                 SUMMARY                   ---
-------------------------------------------------
ROM: 4157 bytes (1.59%) used.
RAM: No .RAMSECTIONs were found, no information about RAM.

===== SNES link: /c/Users/Benjamin Santiago/Documents/_PROJECTS/superACTION52/GAMES/src/04__SPÄTI/_ROM/20260712__AM125708__DEBUG__SPATI-v01-----------.sfc =====
Command: wlalink -v -r main.link /c/Users/Benjamin\ Santiago/Documents/_PROJECTS/superACTION52/GAMES/src/04__SPÄTI/_ROM/20260712__AM125708__DEBUG__SPATI-v01-----------.sfc
-------------------------------------------------
---                   ROM                     ---
-------------------------------------------------
ROM bank 0 (31839 bytes (97.16%) free)
  - Free space at $0365-$7fb1 (31821 bytes)
  - Free space at $7fb6-$7fbf (10 bytes)
  - Free space at $7fe0-$7fe3 (4 bytes)
  - Free space at $7ff0-$7ff3 (4 bytes)
ROM bank 1 (29536 bytes (90.14%) free)
  - Free space at $0ca0-$7fff (29536 bytes)
ROM bank 2 (32768 bytes (100.00%) free)
  - Free space at $0000-$7fff (32768 bytes)
ROM bank 3 (32768 bytes (100.00%) free)
  - Free space at $0000-$7fff (32768 bytes)
ROM bank 4 (32768 bytes (100.00%) free)
  - Free space at $0000-$7fff (32768 bytes)
ROM bank 5 (32768 bytes (100.00%) free)
  - Free space at $0000-$7fff (32768 bytes)
ROM bank 6 (32768 bytes (100.00%) free)
  - Free space at $0000-$7fff (32768 bytes)
ROM bank 7 (32768 bytes (100.00%) free)
  - Free space at $0000-$7fff (32768 bytes)
-------------------------------------------------
---                   RAM                     ---
-------------------------------------------------
No .RAMSECTIONs were found, no information about RAM.
-------------------------------------------------
---           HEADERS AND FOOTERS             ---
-------------------------------------------------
No headers or footers found.
-------------------------------------------------
---                 SUMMARY                   ---
-------------------------------------------------
ROM: 257983 bytes (98.41%) free of total 262144.
RAM: No .RAMSECTIONs were found, no information about RAM.
